<?xml version="1.0" encoding="UTF-8"?>
<!-- Generated by org.testng.reporters.JUnitReportReporter -->
<testsuite hostname="LAPTOP-EKHVOIMF" failures="0" tests="1" name="scripts.TestCase1" time="8.617" errors="0" timestamp="2023-11-25T12:43:11 IST" skipped="0">
  <testcase classname="scripts.TestCase1" name="tc1" time="8.617"/>
  <system-out/>
</testsuite> <!-- scripts.TestCase1 -->
