<?xml version="1.0" encoding="UTF-8"?>
<!-- Generated by org.testng.reporters.JUnitReportReporter -->
<testsuite hostname="LAPTOP-EKHVOIMF" failures="0" tests="1" name="scripts.TestCase1" time="11.560" errors="0" timestamp="2023-11-27T09:44:25 IST" skipped="0">
  <testcase classname="scripts.TestCase1" name="tc1" time="11.560"/>
  <system-out/>
</testsuite> <!-- scripts.TestCase1 -->
